<?xml version="1.0" encoding="UTF-8"?>
<!-- Generated by org.testng.reporters.JUnitXMLReporter -->
<testsuite hostname="SD" ignored="5" name="Default test" tests="1" failures="0" timestamp="06 Jul 2021 13:29:49 GMT" time="0.268" errors="0">
  <testcase name="test01" time="0.234" classname="TestCases.DashBoardTest"/>
  <testcase name="test02" time="0.0" classname="TestCases.DashBoardTest">
    <ignored/>
  </testcase> <!-- test02 -->
  <testcase name="test05" time="0.0" classname="TestCases.DashBoardTest">
    <ignored/>
  </testcase> <!-- test05 -->
  <testcase name="test03" time="0.0" classname="TestCases.DashBoardTest">
    <ignored/>
  </testcase> <!-- test03 -->
  <testcase name="test06" time="0.0" classname="TestCases.DashBoardTest">
    <ignored/>
  </testcase> <!-- test06 -->
  <testcase name="test04" time="0.0" classname="TestCases.DashBoardTest">
    <ignored/>
  </testcase> <!-- test04 -->
</testsuite> <!-- Default test -->
