<?xml version="1.0" encoding="UTF-8"?>
<testng-results skipped="0" failed="0" ignored="5" total="6" passed="1">
  <reporter-output>
  </reporter-output>
  <suite name="Default suite" duration-ms="268" started-at="2021-07-06T13:29:48Z" finished-at="2021-07-06T13:29:49Z">
    <groups>
    </groups>
    <test name="Default test" duration-ms="268" started-at="2021-07-06T13:29:48Z" finished-at="2021-07-06T13:29:49Z">
      <class name="TestCases.DashBoardTest">
        <test-method status="PASS" signature="setup()[pri:0, instance:TestCases.DashBoardTest@3632be31]" name="setup" is-config="true" duration-ms="5499" started-at="2021-07-06T13:29:43Z" finished-at="2021-07-06T13:29:48Z">
          <reporter-output>
          </reporter-output>
        </test-method> <!-- setup -->
        <test-method status="PASS" signature="test01()[pri:0, instance:TestCases.DashBoardTest@3632be31]" name="test01" duration-ms="234" started-at="2021-07-06T13:29:48Z" finished-at="2021-07-06T13:29:49Z">
          <reporter-output>
          </reporter-output>
        </test-method> <!-- test01 -->
      </class> <!-- TestCases.DashBoardTest -->
    </test> <!-- Default test -->
  </suite> <!-- Default suite -->
</testng-results>
